 IC 1 GGM
 Means :  -0.000000 5.154826 -2.953996 

 Vars. :  1.000000 11.127978 2.435259 

 Prop. :  0.874496 0.099604 0.025900 


 IC 2 GGM
 Means :  -0.000000 8.624167 -4.214853 

 Vars. :  1.000000 33.641156 2.870356 

 Prop. :  0.927477 0.056560 0.015963 


 IC 3 GGM
 Means :  0.000000 4.443133 -2.683022 

 Vars. :  1.000000 8.153127 0.494997 

 Prop. :  0.890978 0.097887 0.011135 


 IC 4 GGM
 Means :  0.000000 3.581095 -3.198256 

 Vars. :  1.000000 5.098683 0.285808 

 Prop. :  0.883621 0.112107 0.004273 


 IC 5 GGM
 Means :  -0.000000 2.760017 -2.029046 

 Vars. :  1.000000 1.415056 0.636436 

 Prop. :  0.832407 0.155640 0.011954 


 IC 6 GGM
 Means :  -0.000000 2.547777 -2.492575 

 Vars. :  1.000000 0.544161 0.503201 

 Prop. :  0.902519 0.081984 0.015496 


 IC 7 GGM
 Means :  -0.000000 4.384132 -2.832257 

 Vars. :  1.000000 8.256498 0.329641 

 Prop. :  0.907967 0.080425 0.011608 


 IC 8 GGM
 Means :  -0.000000 3.073507 -2.565600 

 Vars. :  1.000000 3.806702 0.212952 

 Prop. :  0.890748 0.100623 0.008629 


 IC 9 GGM
 Means :  0.000000 4.847873 -2.663709 

 Vars. :  1.000000 9.841097 0.561848 

 Prop. :  0.902640 0.089298 0.008062 


 IC 10 GGM
 Means :  -0.000000 3.728652 -2.644962 

 Vars. :  1.000000 5.649943 0.466931 

 Prop. :  0.867061 0.112770 0.020169 


 IC 11 GGM
 Means :  0.000000 4.477176 -2.390149 

 Vars. :  1.000000 8.269380 0.578347 

 Prop. :  0.876638 0.102700 0.020662 


 IC 12 GGM
 Means :  -0.000000 3.844967 -2.550500 

 Vars. :  1.000000 5.364663 0.464253 

 Prop. :  0.896881 0.092529 0.010591 


 IC 13 GGM
 Means :  0.000000 3.673833 -2.840598 

 Vars. :  1.000000 6.008353 0.273453 

 Prop. :  0.928943 0.062809 0.008248 


 IC 14 GGM
 Means :  -0.000000 7.085887 -3.045759 

 Vars. :  1.000000 21.939853 0.427880 

 Prop. :  0.931153 0.066273 0.002574 


 IC 15 GGM
 Means :  -0.000000 4.228697 -2.715859 

 Vars. :  1.000000 7.291405 0.616314 

 Prop. :  0.849547 0.117002 0.033451 


 IC 16 GGM
 Means :  0.000000 2.509657 -2.168902 

 Vars. :  1.000000 1.357143 0.495993 

 Prop. :  0.786783 0.188718 0.024499 


 IC 17 GGM
 Means :  0.000000 4.028526 -2.660735 

 Vars. :  1.000000 6.778674 0.531208 

 Prop. :  0.889259 0.095887 0.014855 


 IC 18 GGM
 Means :  0.000000 2.676923 -3.265633 

 Vars. :  1.000000 2.157524 0.364613 

 Prop. :  0.857715 0.140431 0.001854 


 IC 19 GGM
 Means :  0.000000 3.738470 -2.101864 

 Vars. :  1.000000 3.368855 0.949215 

 Prop. :  0.874004 0.118260 0.007736 


 IC 20 GGM
 Means :  -0.000000 7.977670 -3.436988 

 Vars. :  1.000000 29.691563 1.356892 

 Prop. :  0.935675 0.043165 0.021161 


 IC 21 GGM
 Means :  0.000000 4.809301 -3.047058 

 Vars. :  1.000000 10.269287 0.695681 

 Prop. :  0.902584 0.072785 0.024630 


 IC 22 GGM
 Means :  0.000000 3.901333 -2.950569 

 Vars. :  1.000000 6.311242 0.434833 

 Prop. :  0.901196 0.093409 0.005395 


 IC 23 GGM
 Means :  0.000000 6.457662 -3.224525 

 Vars. :  1.000000 18.972718 0.395068 

 Prop. :  0.939819 0.050787 0.009394 


 IC 24 GGM
 Means :  -0.000000 3.690676 -3.131333 

 Vars. :  1.000000 5.987271 0.579415 

 Prop. :  0.919370 0.070761 0.009869 


 IC 25 GGM
 Means :  -0.000000 7.209496 -1.633103 

 Vars. :  1.000000 24.305793 0.000345 

 Prop. :  0.967090 0.032910 0.000000 


 IC 26 GGM
 Means :  0.000000 2.972840 -2.531086 

 Vars. :  1.000000 3.341185 0.983938 

 Prop. :  0.863962 0.112476 0.023562 


 IC 27 GGM
 Means :  -0.000000 4.471717 -2.603917 

 Vars. :  1.000000 8.166190 1.186652 

 Prop. :  0.864353 0.110580 0.025068 


 IC 28 GGM
 Means :  0.000000 4.026871 -2.556598 

 Vars. :  1.000000 6.754537 0.372825 

 Prop. :  0.908880 0.088642 0.002478 


 IC 29 GGM
 Means :  -0.000000 5.724398 -3.044227 

 Vars. :  1.000000 14.663527 0.836122 

 Prop. :  0.909275 0.065052 0.025673 


 IC 30 GGM
 Means :  0.000000 12.090748 -3.466241 

 Vars. :  1.000000 67.507021 0.548094 

 Prop. :  0.954717 0.038727 0.006556 


 IC 31 GGM
 Means :  -0.000000 5.834570 -1.637802 

 Vars. :  1.000000 15.768320 0.000291 

 Prop. :  0.962434 0.037566 0.000000 


 IC 32 GGM
 Means :  0.000000 3.070568 -3.213494 

 Vars. :  1.000000 3.637219 0.408282 

 Prop. :  0.874726 0.123280 0.001994 


 IC 33 GGM
 Means :  -0.000000 3.649646 -2.495305 

 Vars. :  1.000000 5.789511 0.608621 

 Prop. :  0.918028 0.072664 0.009308 


 IC 34 GGM
 Means :  -0.000000 3.582832 -1.772653 

 Vars. :  1.000000 5.696644 0.225768 

 Prop. :  0.941385 0.058552 0.000063 


 IC 35 GGM
 Means :  -0.000000 5.790867 -3.082387 

 Vars. :  1.000000 15.648882 0.718023 

 Prop. :  0.954439 0.037969 0.007592 


 IC 36 GGM
 Means :  -0.000000 3.732578 -2.797762 

 Vars. :  1.000000 5.668305 0.411100 

 Prop. :  0.890876 0.102739 0.006384 


 IC 37 GGM
 Means :  0.000000 3.407328 -2.538895 

 Vars. :  1.000000 4.530784 0.554956 

 Prop. :  0.850041 0.131691 0.018268 


 IC 38 GGM
 Means :  0.000000 4.214844 -1.893692 

 Vars. :  1.000000 4.986297 0.453160 

 Prop. :  0.920429 0.068700 0.010871 


 IC 39 GGM
 Means :  0.000000 11.913845 -3.236375 

 Vars. :  1.000000 67.279143 1.506480 

 Prop. :  0.946251 0.032174 0.021576 


 IC 40 GGM
 Means :  0.000000 3.697449 -3.099438 

 Vars. :  1.000000 3.951815 0.476880 

 Prop. :  0.950677 0.042844 0.006479 


 IC 41 GGM
 Means :  -0.000000 2.718047 -2.144807 

 Vars. :  1.000000 2.046589 0.917349 

 Prop. :  0.804973 0.189352 0.005675 


 IC 42 GGM
 Means :  0.000000 2.453474 -2.023581 

 Vars. :  1.000000 1.187271 0.608275 

 Prop. :  0.851533 0.119778 0.028688 


 IC 43 GGM
 Means :  -0.000000 2.748618 -2.916325 

 Vars. :  1.000000 2.688802 0.584222 

 Prop. :  0.910310 0.083576 0.006114 


 IC 44 GGM
 Means :  -0.000000 3.628363 -2.694009 

 Vars. :  1.000000 3.287520 0.693784 

 Prop. :  0.898201 0.081383 0.020416 


 IC 45 GGM
 Means :  0.000000 2.235159 -1.992684 

 Vars. :  1.000000 0.946997 0.552199 

 Prop. :  0.854989 0.124394 0.020617 


 IC 46 GGM
 Means :  -0.000000 4.578245 -2.040470 

 Vars. :  1.000000 5.296915 0.494013 

 Prop. :  0.932524 0.052641 0.014836 


 IC 47 GGM
 Means :  -0.000000 2.565868 -2.332129 

 Vars. :  1.000000 1.897803 0.937162 

 Prop. :  0.847560 0.120427 0.032014 


 IC 48 GGM
 Means :  0.000000 2.764269 -2.252880 

 Vars. :  1.000000 1.695636 0.466113 

 Prop. :  0.933284 0.053296 0.013421 


 IC 49 GGM
 Means :  -0.000000 2.217718 -1.942093 

 Vars. :  1.000000 0.977553 0.447326 

 Prop. :  0.866783 0.110273 0.022944 


 IC 50 GGM
 Means :  0.000000 2.499741 -2.043747 

 Vars. :  1.000000 0.774693 0.816187 

 Prop. :  0.931460 0.059808 0.008732 


